{"/home/brentn/Develop/Managed/reactJS/statemenu-client/src/index.js": {"path":"/home/brentn/Develop/Managed/reactJS/statemenu-client/src/index.js","statementMap":{"0":{"start":{"line":1,"column":58},"end":{"line":1,"column":126}}},"fnMap":{},"branchMap":{},"s":{"0":0},"f":{},"b":{}}
,"/home/brentn/Develop/Managed/reactJS/statemenu-client/src/components/InvoiceMenu.js": {"path":"/home/brentn/Develop/Managed/reactJS/statemenu-client/src/components/InvoiceMenu.js","statementMap":{"0":{"start":{"line":1,"column":39},"end":{"line":1,"column":101}},"1":{"start":{"line":1,"column":120},"end":{"line":1,"column":205}},"2":{"start":{"line":5,"column":176},"end":{"line":5,"column":230}},"3":{"start":{"line":7,"column":11},"end":{"line":17,"column":113}},"4":{"start":{"line":21,"column":18},"end":{"line":21,"column":82}}},"fnMap":{"0":{"name":"_interopRequireDefault","decl":{"start":{"line":5,"column":147},"end":{"line":5,"column":169}},"loc":{"start":{"line":5,"column":175},"end":{"line":5,"column":231}}}},"branchMap":{"0":{"loc":{"start":{"line":5,"column":183},"end":{"line":5,"column":229}},"type":"cond-expr","locations":[{"start":{"line":5,"column":207},"end":{"line":5,"column":210}},{"start":{"line":5,"column":213},"end":{"line":5,"column":229}}]},"1":{"loc":{"start":{"line":5,"column":183},"end":{"line":5,"column":204}},"type":"binary-expr","locations":[{"start":{"line":5,"column":183},"end":{"line":5,"column":186}},{"start":{"line":5,"column":190},"end":{"line":5,"column":204}}]}},"s":{"0":0,"1":0,"2":0,"3":0,"4":0},"f":{"0":0},"b":{"0":[0,0],"1":[0,0]}}
,"/home/brentn/Develop/Managed/reactJS/statemenu-client/src/components/InvoiceMenuAdapter.js": {"path":"/home/brentn/Develop/Managed/reactJS/statemenu-client/src/components/InvoiceMenuAdapter.js","statementMap":{"0":{"start":{"line":1,"column":39},"end":{"line":1,"column":101}},"1":{"start":{"line":1,"column":291},"end":{"line":1,"column":345}},"2":{"start":{"line":4,"column":2},"end":{"line":4,"column":39}},"3":{"start":{"line":7,"column":11},"end":{"line":7,"column":48}},"4":{"start":{"line":8,"column":17},"end":{"line":8,"column":66}},"5":{"start":{"line":9,"column":2},"end":{"line":9,"column":71}},"6":{"start":{"line":12,"column":2},"end":{"line":12,"column":41}},"7":{"start":{"line":15,"column":2},"end":{"line":15,"column":40}},"8":{"start":{"line":18,"column":2},"end":{"line":18,"column":145}},"9":{"start":{"line":21,"column":2},"end":{"line":21,"column":51}},"10":{"start":{"line":27,"column":2},"end":{"line":27,"column":32}},"11":{"start":{"line":30,"column":14},"end":{"line":30,"column":16}},"12":{"start":{"line":31,"column":2},"end":{"line":41,"column":5}},"13":{"start":{"line":32,"column":4},"end":{"line":39,"column":32}},"14":{"start":{"line":42,"column":2},"end":{"line":42,"column":15}},"15":{"start":{"line":45,"column":2},"end":{"line":52,"column":23}},"16":{"start":{"line":46,"column":17},"end":{"line":46,"column":28}},"17":{"start":{"line":47,"column":21},"end":{"line":47,"column":38}},"18":{"start":{"line":48,"column":20},"end":{"line":48,"column":39}},"19":{"start":{"line":49,"column":18},"end":{"line":49,"column":29}},"20":{"start":{"line":50,"column":16},"end":{"line":50,"column":27}},"21":{"start":{"line":51,"column":19},"end":{"line":51,"column":30}},"22":{"start":{"line":52,"column":12},"end":{"line":52,"column":22}},"23":{"start":{"line":56,"column":24},"end":{"line":56,"column":46}},"24":{"start":{"line":57,"column":2},"end":{"line":59,"column":5}},"25":{"start":{"line":58,"column":4},"end":{"line":58,"column":52}},"26":{"start":{"line":62,"column":18},"end":{"line":62,"column":61}},"27":{"start":{"line":63,"column":2},"end":{"line":63,"column":50}},"28":{"start":{"line":66,"column":18},"end":{"line":66,"column":61}},"29":{"start":{"line":67,"column":2},"end":{"line":67,"column":72}},"30":{"start":{"line":70,"column":14},"end":{"line":70,"column":105}},"31":{"start":{"line":71,"column":2},"end":{"line":77,"column":3}},"32":{"start":{"line":72,"column":4},"end":{"line":72,"column":20}},"33":{"start":{"line":74,"column":18},"end":{"line":74,"column":45}},"34":{"start":{"line":75,"column":4},"end":{"line":75,"column":29}},"35":{"start":{"line":76,"column":4},"end":{"line":76,"column":19}},"36":{"start":{"line":80,"column":13},"end":{"line":80,"column":40}},"37":{"start":{"line":81,"column":2},"end":{"line":90,"column":5}},"38":{"start":{"line":82,"column":4},"end":{"line":82,"column":35}},"39":{"start":{"line":84,"column":17},"end":{"line":84,"column":66}},"40":{"start":{"line":85,"column":17},"end":{"line":85,"column":64}},"41":{"start":{"line":86,"column":21},"end":{"line":86,"column":42}},"42":{"start":{"line":87,"column":21},"end":{"line":87,"column":48}},"43":{"start":{"line":88,"column":19},"end":{"line":88,"column":92}},"44":{"start":{"line":89,"column":4},"end":{"line":89,"column":36}},"45":{"start":{"line":91,"column":2},"end":{"line":91,"column":14}},"46":{"start":{"line":94,"column":13},"end":{"line":94,"column":40}},"47":{"start":{"line":95,"column":2},"end":{"line":101,"column":5}},"48":{"start":{"line":96,"column":4},"end":{"line":96,"column":39}},"49":{"start":{"line":98,"column":22},"end":{"line":98,"column":55}},"50":{"start":{"line":99,"column":19},"end":{"line":99,"column":92}},"51":{"start":{"line":100,"column":4},"end":{"line":100,"column":37}},"52":{"start":{"line":102,"column":2},"end":{"line":102,"column":14}},"53":{"start":{"line":107,"column":4},"end":{"line":107,"column":30}},"54":{"start":{"line":108,"column":4},"end":{"line":108,"column":36}},"55":{"start":{"line":109,"column":4},"end":{"line":109,"column":34}},"56":{"start":{"line":110,"column":4},"end":{"line":110,"column":54}},"57":{"start":{"line":111,"column":4},"end":{"line":113,"column":7}},"58":{"start":{"line":112,"column":6},"end":{"line":112,"column":71}},"59":{"start":{"line":116,"column":4},"end":{"line":116,"column":75}},"60":{"start":{"line":119,"column":19},"end":{"line":119,"column":29}},"61":{"start":{"line":120,"column":19},"end":{"line":120,"column":21}},"62":{"start":{"line":121,"column":18},"end":{"line":121,"column":20}},"63":{"start":{"line":122,"column":4},"end":{"line":129,"column":5}},"64":{"start":{"line":123,"column":24},"end":{"line":123,"column":59}},"65":{"start":{"line":124,"column":6},"end":{"line":128,"column":7}},"66":{"start":{"line":125,"column":23},"end":{"line":125,"column":64}},"67":{"start":{"line":126,"column":8},"end":{"line":126,"column":32}},"68":{"start":{"line":127,"column":8},"end":{"line":127,"column":27}},"69":{"start":{"line":130,"column":4},"end":{"line":139,"column":5}},"70":{"start":{"line":131,"column":28},"end":{"line":133,"column":8}},"71":{"start":{"line":132,"column":8},"end":{"line":132,"column":88}},"72":{"start":{"line":134,"column":6},"end":{"line":138,"column":7}},"73":{"start":{"line":135,"column":27},"end":{"line":135,"column":75}},"74":{"start":{"line":136,"column":8},"end":{"line":136,"column":36}},"75":{"start":{"line":137,"column":8},"end":{"line":137,"column":27}},"76":{"start":{"line":140,"column":4},"end":{"line":148,"column":5}},"77":{"start":{"line":141,"column":31},"end":{"line":143,"column":8}},"78":{"start":{"line":142,"column":8},"end":{"line":142,"column":78}},"79":{"start":{"line":144,"column":6},"end":{"line":147,"column":7}},"80":{"start":{"line":145,"column":8},"end":{"line":145,"column":103}},"81":{"start":{"line":146,"column":8},"end":{"line":146,"column":27}},"82":{"start":{"line":149,"column":21},"end":{"line":149,"column":58}},"83":{"start":{"line":150,"column":4},"end":{"line":150,"column":76}},"84":{"start":{"line":151,"column":4},"end":{"line":151,"column":20}}},"fnMap":{"0":{"name":"_interopRequireDefault","decl":{"start":{"line":1,"column":262},"end":{"line":1,"column":284}},"loc":{"start":{"line":1,"column":290},"end":{"line":1,"column":346}}},"1":{"name":"byInvoiceDate","decl":{"start":{"line":3,"column":9},"end":{"line":3,"column":22}},"loc":{"start":{"line":3,"column":29},"end":{"line":5,"column":1}}},"2":{"name":"getShortTitle","decl":{"start":{"line":6,"column":9},"end":{"line":6,"column":22}},"loc":{"start":{"line":6,"column":32},"end":{"line":10,"column":1}}},"3":{"name":"getMenuTitle","decl":{"start":{"line":11,"column":9},"end":{"line":11,"column":21}},"loc":{"start":{"line":11,"column":31},"end":{"line":13,"column":1}}},"4":{"name":"getMenuSubtitle","decl":{"start":{"line":14,"column":9},"end":{"line":14,"column":24}},"loc":{"start":{"line":14,"column":34},"end":{"line":16,"column":1}}},"5":{"name":"getImageUrl","decl":{"start":{"line":17,"column":9},"end":{"line":17,"column":20}},"loc":{"start":{"line":17,"column":29},"end":{"line":19,"column":1}}},"6":{"name":"getTooltip","decl":{"start":{"line":20,"column":9},"end":{"line":20,"column":19}},"loc":{"start":{"line":20,"column":29},"end":{"line":22,"column":1}}},"7":{"name":"selectItem","decl":{"start":{"line":23,"column":9},"end":{"line":23,"column":19}},"loc":{"start":{"line":23,"column":24},"end":{"line":28,"column":1}}},"8":{"name":"itemsFromInvoices","decl":{"start":{"line":29,"column":9},"end":{"line":29,"column":26}},"loc":{"start":{"line":29,"column":37},"end":{"line":43,"column":1}}},"9":{"name":"(anonymous_9)","decl":{"start":{"line":31,"column":19},"end":{"line":31,"column":20}},"loc":{"start":{"line":31,"column":38},"end":{"line":41,"column":3}}},"10":{"name":"tabStatusList","decl":{"start":{"line":44,"column":9},"end":{"line":44,"column":22}},"loc":{"start":{"line":44,"column":32},"end":{"line":54,"column":1}}},"11":{"name":"tabInvoices","decl":{"start":{"line":55,"column":9},"end":{"line":55,"column":20}},"loc":{"start":{"line":55,"column":40},"end":{"line":60,"column":1}}},"12":{"name":"(anonymous_12)","decl":{"start":{"line":57,"column":25},"end":{"line":57,"column":26}},"loc":{"start":{"line":57,"column":44},"end":{"line":59,"column":3}}},"13":{"name":"showAllItems","decl":{"start":{"line":61,"column":9},"end":{"line":61,"column":21}},"loc":{"start":{"line":61,"column":42},"end":{"line":64,"column":1}}},"14":{"name":"showAccountsTree","decl":{"start":{"line":65,"column":9},"end":{"line":65,"column":25}},"loc":{"start":{"line":65,"column":45},"end":{"line":68,"column":1}}},"15":{"name":"getNode","decl":{"start":{"line":69,"column":9},"end":{"line":69,"column":16}},"loc":{"start":{"line":69,"column":30},"end":{"line":78,"column":1}}},"16":{"name":"(anonymous_16)","decl":{"start":{"line":70,"column":32},"end":{"line":70,"column":33}},"loc":{"start":{"line":70,"column":74},"end":{"line":70,"column":104}}},"17":{"name":"buildVendorTree","decl":{"start":{"line":79,"column":9},"end":{"line":79,"column":24}},"loc":{"start":{"line":79,"column":42},"end":{"line":92,"column":1}}},"18":{"name":"(anonymous_18)","decl":{"start":{"line":81,"column":16},"end":{"line":81,"column":17}},"loc":{"start":{"line":81,"column":32},"end":{"line":83,"column":3}}},"19":{"name":"(anonymous_19)","decl":{"start":{"line":83,"column":13},"end":{"line":83,"column":14}},"loc":{"start":{"line":83,"column":32},"end":{"line":90,"column":3}}},"20":{"name":"buildAccountTree","decl":{"start":{"line":93,"column":9},"end":{"line":93,"column":25}},"loc":{"start":{"line":93,"column":43},"end":{"line":103,"column":1}}},"21":{"name":"(anonymous_21)","decl":{"start":{"line":95,"column":16},"end":{"line":95,"column":17}},"loc":{"start":{"line":95,"column":32},"end":{"line":97,"column":3}}},"22":{"name":"(anonymous_22)","decl":{"start":{"line":97,"column":13},"end":{"line":97,"column":14}},"loc":{"start":{"line":97,"column":32},"end":{"line":101,"column":3}}},"23":{"name":"(anonymous_23)","decl":{"start":{"line":106,"column":2},"end":{"line":106,"column":3}},"loc":{"start":{"line":106,"column":20},"end":{"line":114,"column":3}}},"24":{"name":"(anonymous_24)","decl":{"start":{"line":111,"column":43},"end":{"line":111,"column":44}},"loc":{"start":{"line":111,"column":62},"end":{"line":113,"column":5}}},"25":{"name":"(anonymous_25)","decl":{"start":{"line":115,"column":2},"end":{"line":115,"column":3}},"loc":{"start":{"line":115,"column":13},"end":{"line":117,"column":3}}},"26":{"name":"(anonymous_26)","decl":{"start":{"line":118,"column":2},"end":{"line":118,"column":3}},"loc":{"start":{"line":118,"column":29},"end":{"line":152,"column":3}}},"27":{"name":"(anonymous_27)","decl":{"start":{"line":131,"column":71},"end":{"line":131,"column":72}},"loc":{"start":{"line":131,"column":90},"end":{"line":133,"column":7}}},"28":{"name":"(anonymous_28)","decl":{"start":{"line":141,"column":78},"end":{"line":141,"column":79}},"loc":{"start":{"line":141,"column":97},"end":{"line":143,"column":7}}}},"branchMap":{"0":{"loc":{"start":{"line":1,"column":298},"end":{"line":1,"column":344}},"type":"cond-expr","locations":[{"start":{"line":1,"column":322},"end":{"line":1,"column":325}},{"start":{"line":1,"column":328},"end":{"line":1,"column":344}}]},"1":{"loc":{"start":{"line":1,"column":298},"end":{"line":1,"column":319}},"type":"binary-expr","locations":[{"start":{"line":1,"column":298},"end":{"line":1,"column":301}},{"start":{"line":1,"column":305},"end":{"line":1,"column":319}}]},"2":{"loc":{"start":{"line":8,"column":17},"end":{"line":8,"column":66}},"type":"cond-expr","locations":[{"start":{"line":8,"column":36},"end":{"line":8,"column":52}},{"start":{"line":8,"column":55},"end":{"line":8,"column":66}}]},"3":{"loc":{"start":{"line":12,"column":9},"end":{"line":12,"column":40}},"type":"binary-expr","locations":[{"start":{"line":12,"column":9},"end":{"line":12,"column":25}},{"start":{"line":12,"column":29},"end":{"line":12,"column":40}}]},"4":{"loc":{"start":{"line":45,"column":2},"end":{"line":52,"column":23}},"type":"switch","locations":[{"start":{"line":46,"column":4},"end":{"line":46,"column":28}},{"start":{"line":47,"column":4},"end":{"line":47,"column":38}},{"start":{"line":48,"column":4},"end":{"line":48,"column":39}},{"start":{"line":49,"column":4},"end":{"line":49,"column":29}},{"start":{"line":50,"column":4},"end":{"line":50,"column":27}},{"start":{"line":51,"column":4},"end":{"line":51,"column":30}},{"start":{"line":52,"column":4},"end":{"line":52,"column":22}}]},"5":{"loc":{"start":{"line":63,"column":9},"end":{"line":63,"column":49}},"type":"binary-expr","locations":[{"start":{"line":63,"column":9},"end":{"line":63,"column":18}},{"start":{"line":63,"column":22},"end":{"line":63,"column":49}}]},"6":{"loc":{"start":{"line":67,"column":9},"end":{"line":67,"column":71}},"type":"binary-expr","locations":[{"start":{"line":67,"column":9},"end":{"line":67,"column":17}},{"start":{"line":67,"column":21},"end":{"line":67,"column":40}},{"start":{"line":67,"column":44},"end":{"line":67,"column":71}}]},"7":{"loc":{"start":{"line":71,"column":2},"end":{"line":77,"column":3}},"type":"if","locations":[{"start":{"line":71,"column":2},"end":{"line":77,"column":3}},{"start":{"line":71,"column":2},"end":{"line":77,"column":3}}]},"8":{"loc":{"start":{"line":84,"column":17},"end":{"line":84,"column":66}},"type":"cond-expr","locations":[{"start":{"line":84,"column":36},"end":{"line":84,"column":52}},{"start":{"line":84,"column":55},"end":{"line":84,"column":66}}]},"9":{"loc":{"start":{"line":85,"column":17},"end":{"line":85,"column":64}},"type":"cond-expr","locations":[{"start":{"line":85,"column":36},"end":{"line":85,"column":58}},{"start":{"line":85,"column":61},"end":{"line":85,"column":64}}]},"10":{"loc":{"start":{"line":122,"column":4},"end":{"line":129,"column":5}},"type":"if","locations":[{"start":{"line":122,"column":4},"end":{"line":129,"column":5}},{"start":{"line":122,"column":4},"end":{"line":129,"column":5}}]},"11":{"loc":{"start":{"line":124,"column":6},"end":{"line":128,"column":7}},"type":"if","locations":[{"start":{"line":124,"column":6},"end":{"line":128,"column":7}},{"start":{"line":124,"column":6},"end":{"line":128,"column":7}}]},"12":{"loc":{"start":{"line":130,"column":4},"end":{"line":139,"column":5}},"type":"if","locations":[{"start":{"line":130,"column":4},"end":{"line":139,"column":5}},{"start":{"line":130,"column":4},"end":{"line":139,"column":5}}]},"13":{"loc":{"start":{"line":134,"column":6},"end":{"line":138,"column":7}},"type":"if","locations":[{"start":{"line":134,"column":6},"end":{"line":138,"column":7}},{"start":{"line":134,"column":6},"end":{"line":138,"column":7}}]},"14":{"loc":{"start":{"line":140,"column":4},"end":{"line":148,"column":5}},"type":"if","locations":[{"start":{"line":140,"column":4},"end":{"line":148,"column":5}},{"start":{"line":140,"column":4},"end":{"line":148,"column":5}}]},"15":{"loc":{"start":{"line":144,"column":6},"end":{"line":147,"column":7}},"type":"if","locations":[{"start":{"line":144,"column":6},"end":{"line":147,"column":7}},{"start":{"line":144,"column":6},"end":{"line":147,"column":7}}]}},"s":{"0":0,"1":0,"2":0,"3":0,"4":0,"5":0,"6":0,"7":0,"8":0,"9":0,"10":0,"11":0,"12":0,"13":0,"14":0,"15":0,"16":0,"17":0,"18":0,"19":0,"20":0,"21":0,"22":0,"23":0,"24":0,"25":0,"26":0,"27":0,"28":0,"29":0,"30":0,"31":0,"32":0,"33":0,"34":0,"35":0,"36":0,"37":0,"38":0,"39":0,"40":0,"41":0,"42":0,"43":0,"44":0,"45":0,"46":0,"47":0,"48":0,"49":0,"50":0,"51":0,"52":0,"53":0,"54":0,"55":0,"56":0,"57":0,"58":0,"59":0,"60":0,"61":0,"62":0,"63":0,"64":0,"65":0,"66":0,"67":0,"68":0,"69":0,"70":0,"71":0,"72":0,"73":0,"74":0,"75":0,"76":0,"77":0,"78":0,"79":0,"80":0,"81":0,"82":0,"83":0,"84":0},"f":{"0":0,"1":0,"2":0,"3":0,"4":0,"5":0,"6":0,"7":0,"8":0,"9":0,"10":0,"11":0,"12":0,"13":0,"14":0,"15":0,"16":0,"17":0,"18":0,"19":0,"20":0,"21":0,"22":0,"23":0,"24":0,"25":0,"26":0,"27":0,"28":0},"b":{"0":[0,0],"1":[0,0],"2":[0,0],"3":[0,0],"4":[0,0,0,0,0,0,0],"5":[0,0],"6":[0,0,0],"7":[0,0],"8":[0,0],"9":[0,0],"10":[0,0],"11":[0,0],"12":[0,0],"13":[0,0],"14":[0,0],"15":[0,0]}}
,"/home/brentn/Develop/Managed/reactJS/statemenu-client/src/components/Menu.js": {"path":"/home/brentn/Develop/Managed/reactJS/statemenu-client/src/components/Menu.js","statementMap":{"0":{"start":{"line":5,"column":2},"end":{"line":7,"column":3}},"1":{"start":{"line":6,"column":4},"end":{"line":6,"column":67}},"2":{"start":{"line":8,"column":2},"end":{"line":8,"column":18}},"3":{"start":{"line":14,"column":4},"end":{"line":16,"column":12}}},"fnMap":{"0":{"name":"openFirstTab","decl":{"start":{"line":4,"column":9},"end":{"line":4,"column":21}},"loc":{"start":{"line":4,"column":32},"end":{"line":9,"column":1}}},"1":{"name":"(anonymous_1)","decl":{"start":{"line":13,"column":10},"end":{"line":13,"column":11}},"loc":{"start":{"line":13,"column":21},"end":{"line":17,"column":3}}}},"branchMap":{"0":{"loc":{"start":{"line":5,"column":2},"end":{"line":7,"column":3}},"type":"if","locations":[{"start":{"line":5,"column":2},"end":{"line":7,"column":3}},{"start":{"line":5,"column":2},"end":{"line":7,"column":3}}]},"1":{"loc":{"start":{"line":5,"column":6},"end":{"line":5,"column":37}},"type":"binary-expr","locations":[{"start":{"line":5,"column":6},"end":{"line":5,"column":14}},{"start":{"line":5,"column":18},"end":{"line":5,"column":37}}]}},"s":{"0":1,"1":0,"2":1,"3":1},"f":{"0":1,"1":1},"b":{"0":[0,1],"1":[1,0]},"_coverageSchema":"332fd63041d2c1bcb487cc26dd0d5f7d97098a6c","hash":"72425e0c682833fb13fd2bebd9caa9613e253b39"}
,"/home/brentn/Develop/Managed/reactJS/statemenu-client/src/components/MenuItem.js": {"path":"/home/brentn/Develop/Managed/reactJS/statemenu-client/src/components/MenuItem.js","statementMap":{"0":{"start":{"line":1,"column":39},"end":{"line":1,"column":101}},"1":{"start":{"line":1,"column":120},"end":{"line":1,"column":202}},"2":{"start":{"line":2,"column":254},"end":{"line":2,"column":308}},"3":{"start":{"line":2,"column":309},"end":{"line":21,"column":7}},"4":{"start":{"line":7,"column":4},"end":{"line":7,"column":51}},"5":{"start":{"line":10,"column":4},"end":{"line":16,"column":257}}},"fnMap":{"0":{"name":"_interopRequireDefault","decl":{"start":{"line":2,"column":225},"end":{"line":2,"column":247}},"loc":{"start":{"line":2,"column":253},"end":{"line":2,"column":309}}},"1":{"name":"selectItem","decl":{"start":{"line":6,"column":49},"end":{"line":6,"column":59}},"loc":{"start":{"line":6,"column":62},"end":{"line":8,"column":3}}},"2":{"name":"render","decl":{"start":{"line":9,"column":45},"end":{"line":9,"column":51}},"loc":{"start":{"line":9,"column":54},"end":{"line":21,"column":3}}}},"branchMap":{"0":{"loc":{"start":{"line":2,"column":261},"end":{"line":2,"column":307}},"type":"cond-expr","locations":[{"start":{"line":2,"column":285},"end":{"line":2,"column":288}},{"start":{"line":2,"column":291},"end":{"line":2,"column":307}}]},"1":{"loc":{"start":{"line":2,"column":261},"end":{"line":2,"column":282}},"type":"binary-expr","locations":[{"start":{"line":2,"column":261},"end":{"line":2,"column":264}},{"start":{"line":2,"column":268},"end":{"line":2,"column":282}}]}},"s":{"0":0,"1":0,"2":0,"3":0,"4":0,"5":0},"f":{"0":0,"1":0,"2":0},"b":{"0":[0,0],"1":[0,0]}}
,"/home/brentn/Develop/Managed/reactJS/statemenu-client/src/components/MenuItemCompact.js": {"path":"/home/brentn/Develop/Managed/reactJS/statemenu-client/src/components/MenuItemCompact.js","statementMap":{"0":{"start":{"line":20,"column":4},"end":{"line":20,"column":51}},"1":{"start":{"line":23,"column":4},"end":{"line":25,"column":11}}},"fnMap":{"0":{"name":"(anonymous_0)","decl":{"start":{"line":19,"column":14},"end":{"line":19,"column":15}},"loc":{"start":{"line":19,"column":25},"end":{"line":21,"column":3}}},"1":{"name":"(anonymous_1)","decl":{"start":{"line":22,"column":10},"end":{"line":22,"column":11}},"loc":{"start":{"line":22,"column":21},"end":{"line":26,"column":3}}}},"branchMap":{},"s":{"0":0,"1":4},"f":{"0":0,"1":4},"b":{},"_coverageSchema":"332fd63041d2c1bcb487cc26dd0d5f7d97098a6c","hash":"51c8470aa0ed387827de1d7b638f02f4defdcdd0"}
,"/home/brentn/Develop/Managed/reactJS/statemenu-client/src/components/MenuItemList.js": {"path":"/home/brentn/Develop/Managed/reactJS/statemenu-client/src/components/MenuItemList.js","statementMap":{"0":{"start":{"line":1,"column":39},"end":{"line":1,"column":101}},"1":{"start":{"line":1,"column":120},"end":{"line":1,"column":206}},"2":{"start":{"line":3,"column":180},"end":{"line":3,"column":234}},"3":{"start":{"line":3,"column":235},"end":{"line":14,"column":7}},"4":{"start":{"line":8,"column":4},"end":{"line":11,"column":435}}},"fnMap":{"0":{"name":"_interopRequireDefault","decl":{"start":{"line":3,"column":151},"end":{"line":3,"column":173}},"loc":{"start":{"line":3,"column":179},"end":{"line":3,"column":235}}},"1":{"name":"render","decl":{"start":{"line":7,"column":45},"end":{"line":7,"column":51}},"loc":{"start":{"line":7,"column":54},"end":{"line":14,"column":3}}},"2":{"name":"(anonymous_2)","decl":{"start":{"line":10,"column":29},"end":{"line":10,"column":30}},"loc":{"start":{"line":10,"column":71},"end":{"line":11,"column":431}}}},"branchMap":{"0":{"loc":{"start":{"line":3,"column":187},"end":{"line":3,"column":233}},"type":"cond-expr","locations":[{"start":{"line":3,"column":211},"end":{"line":3,"column":214}},{"start":{"line":3,"column":217},"end":{"line":3,"column":233}}]},"1":{"loc":{"start":{"line":3,"column":187},"end":{"line":3,"column":208}},"type":"binary-expr","locations":[{"start":{"line":3,"column":187},"end":{"line":3,"column":190}},{"start":{"line":3,"column":194},"end":{"line":3,"column":208}}]},"2":{"loc":{"start":{"line":9,"column":8},"end":{"line":9,"column":257}},"type":"cond-expr","locations":[{"start":{"line":9,"column":255},"end":{"line":9,"column":257}}]}},"s":{"0":0,"1":0,"2":0,"3":0,"4":0},"f":{"0":0,"1":0,"2":0},"b":{"0":[0,0],"1":[0,0],"2":[0]}}
,"/home/brentn/Develop/Managed/reactJS/statemenu-client/src/components/MenuTab.js": {"path":"/home/brentn/Develop/Managed/reactJS/statemenu-client/src/components/MenuTab.js","statementMap":{"0":{"start":{"line":1,"column":39},"end":{"line":1,"column":101}},"1":{"start":{"line":1,"column":120},"end":{"line":1,"column":201}},"2":{"start":{"line":5,"column":211},"end":{"line":5,"column":265}},"3":{"start":{"line":5,"column":266},"end":{"line":25,"column":7}},"4":{"start":{"line":14,"column":4},"end":{"line":20,"column":291}}},"fnMap":{"0":{"name":"_interopRequireDefault","decl":{"start":{"line":5,"column":182},"end":{"line":5,"column":204}},"loc":{"start":{"line":5,"column":210},"end":{"line":5,"column":266}}},"1":{"name":"select","decl":{"start":{"line":9,"column":45},"end":{"line":9,"column":51}},"loc":{"start":{"line":9,"column":59},"end":{"line":12,"column":3}}},"2":{"name":"render","decl":{"start":{"line":13,"column":45},"end":{"line":13,"column":51}},"loc":{"start":{"line":13,"column":54},"end":{"line":25,"column":3}}},"3":{"name":"(anonymous_3)","decl":{"start":{"line":17,"column":34},"end":{"line":17,"column":35}},"loc":{"start":{"line":17,"column":79},"end":{"line":20,"column":286}}}},"branchMap":{"0":{"loc":{"start":{"line":5,"column":218},"end":{"line":5,"column":264}},"type":"cond-expr","locations":[{"start":{"line":5,"column":242},"end":{"line":5,"column":245}},{"start":{"line":5,"column":248},"end":{"line":5,"column":264}}]},"1":{"loc":{"start":{"line":5,"column":218},"end":{"line":5,"column":239}},"type":"binary-expr","locations":[{"start":{"line":5,"column":218},"end":{"line":5,"column":221}},{"start":{"line":5,"column":225},"end":{"line":5,"column":239}}]},"2":{"loc":{"start":{"line":15,"column":136},"end":{"line":15,"column":184}},"type":"cond-expr","locations":[{"start":{"line":15,"column":158},"end":{"line":15,"column":174}},{"start":{"line":15,"column":177},"end":{"line":15,"column":184}}]}},"s":{"0":0,"1":0,"2":0,"3":0,"4":0},"f":{"0":0,"1":0,"2":0,"3":0},"b":{"0":[0,0],"1":[0,0],"2":[0,0]}}
,"/home/brentn/Develop/Managed/reactJS/statemenu-client/src/components/MenuTree.js": {"path":"/home/brentn/Develop/Managed/reactJS/statemenu-client/src/components/MenuTree.js","statementMap":{"0":{"start":{"line":1,"column":39},"end":{"line":1,"column":101}},"1":{"start":{"line":1,"column":120},"end":{"line":1,"column":202}},"2":{"start":{"line":5,"column":211},"end":{"line":5,"column":265}},"3":{"start":{"line":5,"column":266},"end":{"line":29,"column":7}},"4":{"start":{"line":11,"column":4},"end":{"line":15,"column":5}},"5":{"start":{"line":18,"column":4},"end":{"line":24,"column":445}}},"fnMap":{"0":{"name":"_interopRequireDefault","decl":{"start":{"line":5,"column":182},"end":{"line":5,"column":204}},"loc":{"start":{"line":5,"column":210},"end":{"line":5,"column":266}}},"1":{"name":"toggle","decl":{"start":{"line":10,"column":45},"end":{"line":10,"column":51}},"loc":{"start":{"line":10,"column":59},"end":{"line":16,"column":3}}},"2":{"name":"render","decl":{"start":{"line":17,"column":45},"end":{"line":17,"column":51}},"loc":{"start":{"line":17,"column":54},"end":{"line":29,"column":3}}},"3":{"name":"(anonymous_3)","decl":{"start":{"line":21,"column":31},"end":{"line":21,"column":32}},"loc":{"start":{"line":21,"column":73},"end":{"line":24,"column":440}}}},"branchMap":{"0":{"loc":{"start":{"line":5,"column":218},"end":{"line":5,"column":264}},"type":"cond-expr","locations":[{"start":{"line":5,"column":242},"end":{"line":5,"column":245}},{"start":{"line":5,"column":248},"end":{"line":5,"column":264}}]},"1":{"loc":{"start":{"line":5,"column":218},"end":{"line":5,"column":239}},"type":"binary-expr","locations":[{"start":{"line":5,"column":218},"end":{"line":5,"column":221}},{"start":{"line":5,"column":225},"end":{"line":5,"column":239}}]},"2":{"loc":{"start":{"line":11,"column":4},"end":{"line":15,"column":5}},"type":"if","locations":[{"start":{"line":11,"column":4},"end":{"line":15,"column":5}},{"start":{"line":11,"column":4},"end":{"line":15,"column":5}}]}},"s":{"0":0,"1":0,"2":0,"3":0,"4":0,"5":0},"f":{"0":0,"1":0,"2":0,"3":0},"b":{"0":[0,0],"1":[0,0],"2":[0,0]}}
}
