TN:
SF:/home/brentn/Develop/Managed/reactJS/statemenu-client/src/index.js
FNF:0
FNH:0
DA:1,0
LF:1
LH:0
BRF:0
BRH:0
end_of_record
TN:
SF:/home/brentn/Develop/Managed/reactJS/statemenu-client/src/components/InvoiceMenu.js
FN:5,_interopRequireDefault
FNF:1
FNH:0
FNDA:0,_interopRequireDefault
DA:1,0
DA:5,0
DA:7,0
DA:21,0
LF:4
LH:0
BRDA:5,0,0,0
BRDA:5,0,1,0
BRDA:5,1,0,0
BRDA:5,1,1,0
BRF:4
BRH:0
end_of_record
TN:
SF:/home/brentn/Develop/Managed/reactJS/statemenu-client/src/components/InvoiceMenuAdapter.js
FN:1,_interopRequireDefault
FN:3,byInvoiceDate
FN:6,getShortTitle
FN:11,getMenuTitle
FN:14,getMenuSubtitle
FN:17,getImageUrl
FN:20,getTooltip
FN:23,selectItem
FN:29,itemsFromInvoices
FN:31,(anonymous_9)
FN:44,tabStatusList
FN:55,tabInvoices
FN:57,(anonymous_12)
FN:61,showAllItems
FN:65,showAccountsTree
FN:69,getNode
FN:70,(anonymous_16)
FN:79,buildVendorTree
FN:81,(anonymous_18)
FN:83,(anonymous_19)
FN:93,buildAccountTree
FN:95,(anonymous_21)
FN:97,(anonymous_22)
FN:106,(anonymous_23)
FN:111,(anonymous_24)
FN:115,(anonymous_25)
FN:118,(anonymous_26)
FN:131,(anonymous_27)
FN:141,(anonymous_28)
FNF:29
FNH:0
FNDA:0,_interopRequireDefault
FNDA:0,byInvoiceDate
FNDA:0,getShortTitle
FNDA:0,getMenuTitle
FNDA:0,getMenuSubtitle
FNDA:0,getImageUrl
FNDA:0,getTooltip
FNDA:0,selectItem
FNDA:0,itemsFromInvoices
FNDA:0,(anonymous_9)
FNDA:0,tabStatusList
FNDA:0,tabInvoices
FNDA:0,(anonymous_12)
FNDA:0,showAllItems
FNDA:0,showAccountsTree
FNDA:0,getNode
FNDA:0,(anonymous_16)
FNDA:0,buildVendorTree
FNDA:0,(anonymous_18)
FNDA:0,(anonymous_19)
FNDA:0,buildAccountTree
FNDA:0,(anonymous_21)
FNDA:0,(anonymous_22)
FNDA:0,(anonymous_23)
FNDA:0,(anonymous_24)
FNDA:0,(anonymous_25)
FNDA:0,(anonymous_26)
FNDA:0,(anonymous_27)
FNDA:0,(anonymous_28)
DA:1,0
DA:4,0
DA:7,0
DA:8,0
DA:9,0
DA:12,0
DA:15,0
DA:18,0
DA:21,0
DA:27,0
DA:30,0
DA:31,0
DA:32,0
DA:42,0
DA:45,0
DA:46,0
DA:47,0
DA:48,0
DA:49,0
DA:50,0
DA:51,0
DA:52,0
DA:56,0
DA:57,0
DA:58,0
DA:62,0
DA:63,0
DA:66,0
DA:67,0
DA:70,0
DA:71,0
DA:72,0
DA:74,0
DA:75,0
DA:76,0
DA:80,0
DA:81,0
DA:82,0
DA:84,0
DA:85,0
DA:86,0
DA:87,0
DA:88,0
DA:89,0
DA:91,0
DA:94,0
DA:95,0
DA:96,0
DA:98,0
DA:99,0
DA:100,0
DA:102,0
DA:107,0
DA:108,0
DA:109,0
DA:110,0
DA:111,0
DA:112,0
DA:116,0
DA:119,0
DA:120,0
DA:121,0
DA:122,0
DA:123,0
DA:124,0
DA:125,0
DA:126,0
DA:127,0
DA:130,0
DA:131,0
DA:132,0
DA:134,0
DA:135,0
DA:136,0
DA:137,0
DA:140,0
DA:141,0
DA:142,0
DA:144,0
DA:145,0
DA:146,0
DA:149,0
DA:150,0
DA:151,0
LF:84
LH:0
BRDA:1,0,0,0
BRDA:1,0,1,0
BRDA:1,1,0,0
BRDA:1,1,1,0
BRDA:8,2,0,0
BRDA:8,2,1,0
BRDA:12,3,0,0
BRDA:12,3,1,0
BRDA:45,4,0,0
BRDA:45,4,1,0
BRDA:45,4,2,0
BRDA:45,4,3,0
BRDA:45,4,4,0
BRDA:45,4,5,0
BRDA:45,4,6,0
BRDA:63,5,0,0
BRDA:63,5,1,0
BRDA:67,6,0,0
BRDA:67,6,1,0
BRDA:67,6,2,0
BRDA:71,7,0,0
BRDA:71,7,1,0
BRDA:84,8,0,0
BRDA:84,8,1,0
BRDA:85,9,0,0
BRDA:85,9,1,0
BRDA:122,10,0,0
BRDA:122,10,1,0
BRDA:124,11,0,0
BRDA:124,11,1,0
BRDA:130,12,0,0
BRDA:130,12,1,0
BRDA:134,13,0,0
BRDA:134,13,1,0
BRDA:140,14,0,0
BRDA:140,14,1,0
BRDA:144,15,0,0
BRDA:144,15,1,0
BRF:38
BRH:0
end_of_record
TN:
SF:/home/brentn/Develop/Managed/reactJS/statemenu-client/src/components/Menu.js
FN:4,openFirstTab
FN:13,(anonymous_1)
FNF:2
FNH:2
FNDA:1,openFirstTab
FNDA:1,(anonymous_1)
DA:5,1
DA:6,0
DA:8,1
DA:14,1
LF:4
LH:3
BRDA:5,0,0,0
BRDA:5,0,1,1
BRDA:5,1,0,1
BRDA:5,1,1,0
BRF:4
BRH:2
end_of_record
TN:
SF:/home/brentn/Develop/Managed/reactJS/statemenu-client/src/components/MenuItem.js
FN:2,_interopRequireDefault
FN:6,selectItem
FN:9,render
FNF:3
FNH:0
FNDA:0,_interopRequireDefault
FNDA:0,selectItem
FNDA:0,render
DA:1,0
DA:2,0
DA:7,0
DA:10,0
LF:4
LH:0
BRDA:2,0,0,0
BRDA:2,0,1,0
BRDA:2,1,0,0
BRDA:2,1,1,0
BRF:4
BRH:0
end_of_record
TN:
SF:/home/brentn/Develop/Managed/reactJS/statemenu-client/src/components/MenuItemCompact.js
FN:19,(anonymous_0)
FN:22,(anonymous_1)
FNF:2
FNH:1
FNDA:0,(anonymous_0)
FNDA:4,(anonymous_1)
DA:20,0
DA:23,4
LF:2
LH:1
BRF:0
BRH:0
end_of_record
TN:
SF:/home/brentn/Develop/Managed/reactJS/statemenu-client/src/components/MenuItemList.js
FN:3,_interopRequireDefault
FN:7,render
FN:10,(anonymous_2)
FNF:3
FNH:0
FNDA:0,_interopRequireDefault
FNDA:0,render
FNDA:0,(anonymous_2)
DA:1,0
DA:3,0
DA:8,0
LF:3
LH:0
BRDA:3,0,0,0
BRDA:3,0,1,0
BRDA:3,1,0,0
BRDA:3,1,1,0
BRDA:9,2,0,0
BRF:5
BRH:0
end_of_record
TN:
SF:/home/brentn/Develop/Managed/reactJS/statemenu-client/src/components/MenuTab.js
FN:5,_interopRequireDefault
FN:9,select
FN:13,render
FN:17,(anonymous_3)
FNF:4
FNH:0
FNDA:0,_interopRequireDefault
FNDA:0,select
FNDA:0,render
FNDA:0,(anonymous_3)
DA:1,0
DA:5,0
DA:14,0
LF:3
LH:0
BRDA:5,0,0,0
BRDA:5,0,1,0
BRDA:5,1,0,0
BRDA:5,1,1,0
BRDA:15,2,0,0
BRDA:15,2,1,0
BRF:6
BRH:0
end_of_record
TN:
SF:/home/brentn/Develop/Managed/reactJS/statemenu-client/src/components/MenuTree.js
FN:5,_interopRequireDefault
FN:10,toggle
FN:17,render
FN:21,(anonymous_3)
FNF:4
FNH:0
FNDA:0,_interopRequireDefault
FNDA:0,toggle
FNDA:0,render
FNDA:0,(anonymous_3)
DA:1,0
DA:5,0
DA:11,0
DA:18,0
LF:4
LH:0
BRDA:5,0,0,0
BRDA:5,0,1,0
BRDA:5,1,0,0
BRDA:5,1,1,0
BRDA:11,2,0,0
BRDA:11,2,1,0
BRF:6
BRH:0
end_of_record
